c:\users\kimkihoon\documents\netsim\workspaces\kihoon\src\simulation\project1\x64\release\vc143.pdb
c:\users\kimkihoon\documents\netsim\workspaces\kihoon\src\simulation\project1\x64\release\reserve.obj
c:\users\kimkihoon\documents\netsim\workspaces\kihoon\src\simulation\project1\x64\release\protobuf-c.obj
c:\users\kimkihoon\documents\netsim\workspaces\kihoon\src\simulation\project1\x64\release\netsimproto.pb-c.obj
c:\users\kimkihoon\documents\netsim\workspaces\kihoon\src\simulation\project1\x64\release\example.obj
c:\users\kimkihoon\documents\netsim\workspaces\kihoon\src\simulation\project1\x64\release\container.obj
c:\users\kimkihoon\documents\netsim\workspaces\kihoon\src\simulation\project1\x64\release\commandlist.obj
c:\users\kimkihoon\documents\netsim\workspaces\kihoon\src\simulation\project1\x64\release\any.pb-c.obj
c:\users\kimkihoon\documents\netsim\workspaces\kihoon\src\simulation\project1\x64\release\gympythoninteraction.obj
c:\users\kimkihoon\documents\netsim\workspaces\kihoon\src\simulation\x64\release\project1.lib
c:\users\kimkihoon\documents\netsim\workspaces\kihoon\src\simulation\x64\release\project1.exp
c:\users\kimkihoon\documents\netsim\workspaces\kihoon\src\simulation\x64\release\project1.dll
c:\users\kimkihoon\documents\netsim\workspaces\kihoon\src\simulation\x64\release\project1.pdb
c:\users\kimkihoon\documents\netsim\workspaces\kihoon\src\simulation\project1\x64\release\project1.iobj
c:\users\kimkihoon\documents\netsim\workspaces\kihoon\src\simulation\project1\x64\release\project1.ipdb
c:\users\kimkihoon\documents\netsim\workspaces\kihoon\src\simulation\project1\x64\release\project1.tlog\cl.command.1.tlog
c:\users\kimkihoon\documents\netsim\workspaces\kihoon\src\simulation\project1\x64\release\project1.tlog\cl.items.tlog
c:\users\kimkihoon\documents\netsim\workspaces\kihoon\src\simulation\project1\x64\release\project1.tlog\cl.read.1.tlog
c:\users\kimkihoon\documents\netsim\workspaces\kihoon\src\simulation\project1\x64\release\project1.tlog\cl.write.1.tlog
c:\users\kimkihoon\documents\netsim\workspaces\kihoon\src\simulation\project1\x64\release\project1.tlog\link.command.1.tlog
c:\users\kimkihoon\documents\netsim\workspaces\kihoon\src\simulation\project1\x64\release\project1.tlog\link.read.1.tlog
c:\users\kimkihoon\documents\netsim\workspaces\kihoon\src\simulation\project1\x64\release\project1.tlog\link.write.1.tlog
c:\users\kimkihoon\documents\netsim\workspaces\kihoon\src\simulation\project1\x64\release\project1.tlog\link.write.2u.tlog
